Build started 2014-02-07 15:45:55.
     1>Project "C:\Users\tfridol\git\Exjobb\C++\Exjobb\Exjobb\Exjobb.vcxproj" on node 2 (build target(s)).
     1>InitializeBuildStatus:
         Creating "x64\Debug\Exjobb.unsuccessfulbuild" because "AlwaysCreate" was specified.
       ClCompile:
         All outputs are up-to-date.
         c:\Program Files (x86)\Microsoft Visual Studio 10.0\VC\bin\x86_amd64\CL.exe /c /I"C:\Program Files\OpenCV\build\include" /I"C:\Program Files\OpenCV\build\include\opencv" /I"C:\Program Files\OpenCV\build\include" /I"C:\Program Files\OpenCV\build\include\opencv" /Zi /nologo /W3 /WX- /Od /D WIN32 /D _DEBUG /D _CONSOLE /D _UNICODE /D UNICODE /Gm /EHsc /RTC1 /MDd /GS /fp:precise /Zc:wchar_t /Zc:forScope /Yu"StdAfx.h" /Fp"x64\Debug\Exjobb.pch" /Fo"x64\Debug\\" /Fd"x64\Debug\vc100.pdb" /Gd /TP /errorReport:prompt Exjobb.cpp
         Exjobb.cpp
     1>c:\program files\opencv\build\include\opencv2\flann\logger.h(66): warning C4996: 'fopen': This function or variable may be unsafe. Consider using fopen_s instead. To disable deprecation, use _CRT_SECURE_NO_WARNINGS. See online help for details.
                 c:\Program Files (x86)\Microsoft Visual Studio 10.0\VC\include\stdio.h(234) : see declaration of 'fopen'
     1>c:\users\tfridol\git\exjobb\c++\exjobb\exjobb\functions.h(95): warning C4244: 'return' : conversion from 'double' to 'float', possible loss of data
     1>c:\users\tfridol\git\exjobb\c++\exjobb\exjobb\functions.h(123): warning C4244: '=' : conversion from 'int' to 'float', possible loss of data
     1>c:\users\tfridol\git\exjobb\c++\exjobb\exjobb\functions.h(174): warning C4244: '=' : conversion from 'double' to 'float', possible loss of data
       ManifestResourceCompile:
         All outputs are up-to-date.
       Link:
         c:\Program Files (x86)\Microsoft Visual Studio 10.0\VC\bin\x86_amd64\link.exe /ERRORREPORT:PROMPT /OUT:"C:\Users\tfridol\git\Exjobb\C++\Exjobb\x64\Debug\Exjobb.exe" /INCREMENTAL /NOLOGO "C:\Program Files\OpenCV\build\x64\vc10\lib\opencv_core248d.lib" "C:\Program Files\OpenCV\build\x64\vc10\lib\opencv_highgui248d.lib" "C:\Program Files\OpenCV\build\x64\vc10\lib\opencv_video248d.lib" "C:\Program Files\OpenCV\build\x64\vc10\lib\opencv_ml248d.lib" "C:\Program Files\OpenCV\build\x64\vc10\lib\opencv_legacy248d.lib" "C:\Program Files\OpenCV\build\x64\vc10\lib\opencv_imgproc248d.lib" kernel32.lib user32.lib gdi32.lib winspool.lib comdlg32.lib advapi32.lib shell32.lib ole32.lib oleaut32.lib uuid.lib odbc32.lib odbccp32.lib /MANIFEST /ManifestFile:"x64\Debug\Exjobb.exe.intermediate.manifest" /MANIFESTUAC:"level='asInvoker' uiAccess='false'" /DEBUG /PDB:"C:\Users\tfridol\git\Exjobb\C++\Exjobb\x64\Debug\Exjobb.pdb" /SUBSYSTEM:CONSOLE /TLBID:1 /DYNAMICBASE /NXCOMPAT /IMPLIB:"C:\Users\tfridol\git\Exjobb\C++\Exjobb\x64\Debug\Exjobb.lib" /MACHINE:X64 x64\Debug\Exjobb.exe.embed.manifest.res
         x64\Debug\Exjobb.obj
         x64\Debug\stdafx.obj
         Exjobb.vcxproj -> C:\Users\tfridol\git\Exjobb\C++\Exjobb\x64\Debug\Exjobb.exe
       Manifest:
         C:\Program Files (x86)\Microsoft SDKs\Windows\v7.0A\bin\mt.exe /nologo /verbose /out:"x64\Debug\Exjobb.exe.embed.manifest" /manifest x64\Debug\Exjobb.exe.intermediate.manifest
         All outputs are up-to-date.
       LinkEmbedManifest:
         All outputs are up-to-date.
         Exjobb.vcxproj -> C:\Users\tfridol\git\Exjobb\C++\Exjobb\x64\Debug\Exjobb.exe
       FinalizeBuildStatus:
         Deleting file "x64\Debug\Exjobb.unsuccessfulbuild".
         Touching "x64\Debug\Exjobb.lastbuildstate".
     1>Done Building Project "C:\Users\tfridol\git\Exjobb\C++\Exjobb\Exjobb\Exjobb.vcxproj" (build target(s)).

Build succeeded.

Time Elapsed 00:00:03.75
