\BOOKMARK [0][]{FrontPage.0}{Front Page}{}% 1
\BOOKMARK [0][]{TitlePage.0}{Title Page}{}% 2
\BOOKMARK [0][]{LibraryPage.0}{Library Page}{}% 3
\BOOKMARK [0][]{theabsanchor-swedish.0}{Sammanfattning}{}% 4
\BOOKMARK [0][]{theabsanchor-english.0}{Abstract}{}% 5
\BOOKMARK [0][]{theackanchor.0}{Acknowledgments}{}% 6
\BOOKMARK [0][]{thetocanchor.0}{Contents}{}% 7
\BOOKMARK [0][]{section*.4}{Notation}{}% 8
\BOOKMARK [0][]{chapter.1}{1 Introduction}{}% 9
\BOOKMARK [0][]{chapter.2}{2 Overview}{}% 10
\BOOKMARK [1][-]{section.2.1}{2.1 System overview}{chapter.2}% 11
\BOOKMARK [0][]{chapter.3}{3 Preprocessing of data}{}% 12
\BOOKMARK [0][]{chapter.4}{4 Machine learning methods}{}% 13
\BOOKMARK [1][-]{section.4.1}{4.1 AdaBoost}{chapter.4}% 14
\BOOKMARK [0][]{chapter.5}{5 Features used to detect barcodes}{}% 15
\BOOKMARK [1][-]{section.5.1}{5.1 Standard deviation}{chapter.5}% 16
\BOOKMARK [1][-]{section.5.2}{5.2 Structure tensor}{chapter.5}% 17
\BOOKMARK [1][-]{section.5.3}{5.3 FAST corner detection}{chapter.5}% 18
\BOOKMARK [1][-]{section.5.4}{5.4 Distance map}{chapter.5}% 19
\BOOKMARK [1][-]{section.5.5}{5.5 Local binary pattern}{chapter.5}% 20
\BOOKMARK [0][]{chapter.6}{6 Cascade}{}% 21
\BOOKMARK [0][]{chapter.7}{7 Evaluation}{}% 22
\BOOKMARK [1][-]{section.7.1}{7.1 Calculation of ground truth}{chapter.7}% 23
\BOOKMARK [1][-]{section.7.2}{7.2 Evaluation of features}{chapter.7}% 24
\BOOKMARK [2][-]{subsection.7.2.1}{7.2.1 Standard deviation}{section.7.2}% 25
\BOOKMARK [2][-]{subsection.7.2.2}{7.2.2 Structure tensor}{section.7.2}% 26
\BOOKMARK [2][-]{subsection.7.2.3}{7.2.3 Distance map}{section.7.2}% 27
\BOOKMARK [2][-]{subsection.7.2.4}{7.2.4 FAST corner detection}{section.7.2}% 28
\BOOKMARK [2][-]{subsection.7.2.5}{7.2.5 Local binary pattern}{section.7.2}% 29
\BOOKMARK [1][-]{section.7.3}{7.3 Evaluation of cascade}{chapter.7}% 30
\BOOKMARK [1][-]{section.7.4}{7.4 Conclusions}{chapter.7}% 31
\BOOKMARK [0][]{chapter.8}{8 Further investigations}{}% 32
\BOOKMARK [0][]{chapter*.24}{Bibliography}{}% 33
\BOOKMARK [0][]{Copyright.0}{Copyright}{}% 34
